0 info it worked if it ends with ok
1 verbose cli [ '/usr/local/bin/node',
1 verbose cli   '/usr/local/bin/npm',
1 verbose cli   'install',
1 verbose cli   '--save@ionic-native/code-push' ]
2 info using npm@3.10.10
3 info using node@v6.11.4
4 silly loadCurrentTree Starting
5 silly install loadCurrentTree
6 silly install readLocalPackageData
7 silly install normalizeTree
8 silly loadCurrentTree Finishing
9 silly loadIdealTree Starting
10 silly install loadIdealTree
11 silly cloneCurrentTree Starting
12 silly install cloneCurrentTreeToIdealTree
13 silly cloneCurrentTree Finishing
14 silly loadShrinkwrap Starting
15 silly install loadShrinkwrap
16 silly loadShrinkwrap Finishing
17 silly loadAllDepsIntoIdealTree Starting
18 silly install loadAllDepsIntoIdealTree
19 silly fetchOtherPackageData SpotifyPlugin@file:///Volumes/D/Honey Projects/cordova-spotify-plugin-master
20 silly cache add args [ 'SpotifyPlugin@file:///Volumes/D/Honey Projects/cordova-spotify-plugin-master',
20 silly cache add   null ]
21 verbose cache add spec SpotifyPlugin@file:///Volumes/D/Honey Projects/cordova-spotify-plugin-master
22 silly cache add parsed spec Result {
22 silly cache add   raw: 'SpotifyPlugin@file:///Volumes/D/Honey Projects/cordova-spotify-plugin-master',
22 silly cache add   scope: null,
22 silly cache add   escapedName: 'SpotifyPlugin',
22 silly cache add   name: 'SpotifyPlugin',
22 silly cache add   rawSpec: 'file:///Volumes/D/Honey Projects/cordova-spotify-plugin-master',
22 silly cache add   spec: '/Volumes/D/Honey%20Projects/cordova-spotify-plugin-master',
22 silly cache add   type: 'local' }
23 error addLocal Could not install /Volumes/D/Honey%20Projects/cordova-spotify-plugin-master
24 silly fetchPackageMetaData Error: ENOENT: no such file or directory, open '/Volumes/D/Honey%20Projects/cordova-spotify-plugin-master'
24 silly fetchPackageMetaData     at Error (native)
24 silly fetchPackageMetaData  error for SpotifyPlugin@file:///Volumes/D/Honey Projects/cordova-spotify-plugin-master { Error: ENOENT: no such file or directory, open '/Volumes/D/Honey%20Projects/cordova-spotify-plugin-master'
24 silly fetchPackageMetaData     at Error (native)
24 silly fetchPackageMetaData   errno: -2,
24 silly fetchPackageMetaData   code: 'ENOENT',
24 silly fetchPackageMetaData   syscall: 'open',
24 silly fetchPackageMetaData   path: '/Volumes/D/Honey%20Projects/cordova-spotify-plugin-master' }
25 silly rollbackFailedOptional Starting
26 silly rollbackFailedOptional Finishing
27 silly runTopLevelLifecycles Finishing
28 silly install printInstalled
29 verbose stack Error: ENOENT: no such file or directory, open '/Volumes/D/Honey%20Projects/cordova-spotify-plugin-master'
29 verbose stack     at Error (native)
30 verbose cwd /Volumes/D/RahulProjects/fashv2
31 error Darwin 16.6.0
32 error argv "/usr/local/bin/node" "/usr/local/bin/npm" "install" "--save@ionic-native/code-push"
33 error node v6.11.4
34 error npm  v3.10.10
35 error path /Volumes/D/Honey%20Projects/cordova-spotify-plugin-master
36 error code ENOENT
37 error errno -2
38 error syscall open
39 error enoent ENOENT: no such file or directory, open '/Volumes/D/Honey%20Projects/cordova-spotify-plugin-master'
40 error enoent ENOENT: no such file or directory, open '/Volumes/D/Honey%20Projects/cordova-spotify-plugin-master'
40 error enoent This is most likely not a problem with npm itself
40 error enoent and is related to npm not being able to find a file.
41 verbose exit [ -2, true ]
